<?xml version="1.0" encoding="UTF-8"?>
<!-- Generated by org.testng.reporters.JUnitReportReporter -->
<testsuite hostname="Vinay-PV" failures="0" tests="2" name="script.Demo4" time="1.444" errors="0" timestamp="2022-05-10T08:31:53 IST" skipped="0">
  <testcase classname="script.Demo4" name="test_report" time="0.703"/>
  <system-out/>
  <testcase classname="script.Demo4" name="test_report" time="0.741"/>
  <system-out/>
</testsuite> <!-- script.Demo4 -->
