<?xml version="1.0" encoding="UTF-8"?>
<!-- Generated by org.testng.reporters.JUnitReportReporter -->
<testsuite hostname="Vinay-PV" failures="0" tests="3" name="script.Demo3" time="15.903" errors="0" timestamp="2022-05-10T09:07:29 IST" skipped="0">
  <testcase classname="script.Demo3" name="test3" time="5.239"/>
  <system-out>
    <![CDATA[A4]]>
  </system-out>
  <testcase classname="script.Demo3" name="test3" time="5.492"/>
  <system-out>
    <![CDATA[A2
B2]]>
  </system-out>
  <testcase classname="script.Demo3" name="test3" time="5.172"/>
  <system-out>
    <![CDATA[A3

C3]]>
  </system-out>
</testsuite> <!-- script.Demo3 -->
