<?xml version="1.0" encoding="UTF-8"?>
<!-- Generated by org.testng.reporters.JUnitReportReporter -->
<testsuite hostname="Vinay-PV" failures="0" tests="1" name="script.InvalidLogin" time="22.060" errors="0" timestamp="2022-05-13T07:53:01 IST" skipped="0">
  <testcase classname="script.InvalidLogin" name="testInvalidLogin" time="22.060"/>
  <system-out/>
</testsuite> <!-- script.InvalidLogin -->
