<?xml version="1.0" encoding="UTF-8"?>
<!-- Generated by org.testng.reporters.JUnitReportReporter -->
<testsuite hostname="Vinay-PV" failures="0" tests="1" name="script.ValidLogin" time="25.388" errors="0" timestamp="2022-05-13T07:53:01 IST" skipped="0">
  <testcase classname="script.ValidLogin" name="testValidLogin" time="25.388"/>
  <system-out/>
</testsuite> <!-- script.ValidLogin -->
