<?xml version="1.0" encoding="UTF-8"?>
<!-- Generated by org.testng.reporters.JUnitReportReporter -->
<testsuite hostname="Vinay-PV" failures="0" tests="3" name="script.Demo2" time="15.090" errors="0" timestamp="2022-05-10T09:07:29 IST" skipped="0">
  <testcase classname="script.Demo2" name="test2" time="5.002"/>
  <system-out>
    <![CDATA[Facebook – log in or sign up
A1
B1]]>
  </system-out>
  <testcase classname="script.Demo2" name="test2" time="4.986"/>
  <system-out>
    <![CDATA[Facebook – log in or sign up
A3
B3]]>
  </system-out>
  <testcase classname="script.Demo2" name="test2" time="5.102"/>
  <system-out>
    <![CDATA[Facebook – log in or sign up
A2
B2]]>
  </system-out>
</testsuite> <!-- script.Demo2 -->
