<?xml version="1.0" encoding="UTF-8"?>
<!-- Generated by org.testng.reporters.JUnitReportReporter -->
<testsuite hostname="Vinay-PV" failures="0" tests="1" name="script.ValidLogin" time="16.045" errors="0" timestamp="2022-05-12T09:13:08 IST" skipped="0">
  <testcase classname="script.ValidLogin" name="testValidLogin" time="16.045"/>
  <system-out/>
</testsuite> <!-- script.ValidLogin -->
